<?xml version="1.0" encoding="UTF-8"?>
<testng-results skipped="0" failed="0" total="3" passed="3">
  <reporter-output>
  </reporter-output>
  <suite name="Default suite" duration-ms="262" started-at="2020-10-14T06:23:09Z" finished-at="2020-10-14T06:23:09Z">
    <groups>
    </groups>
    <test name="Default test" duration-ms="262" started-at="2020-10-14T06:23:09Z" finished-at="2020-10-14T06:23:09Z">
      <class name="com.infy.UserApiTest">
        <test-method status="PASS" signature="getHelloTest()[pri:0, instance:com.infy.UserApiTest@d1c0188b]" name="getHelloTest" duration-ms="95" started-at="2020-10-14T11:53:09Z" finished-at="2020-10-14T11:53:09Z">
          <reporter-output>
          </reporter-output>
        </test-method> <!-- getHelloTest -->
        <test-method status="PASS" signature="getUserTest()[pri:0, instance:com.infy.UserApiTest@d1c0188b]" name="getUserTest" duration-ms="73" started-at="2020-10-14T11:53:09Z" finished-at="2020-10-14T11:53:09Z">
          <reporter-output>
          </reporter-output>
        </test-method> <!-- getUserTest -->
        <test-method status="PASS" signature="testHelloApi()[pri:0, instance:com.infy.UserApiTest@d1c0188b]" name="testHelloApi" duration-ms="27" started-at="2020-10-14T11:53:09Z" finished-at="2020-10-14T11:53:09Z">
          <reporter-output>
          </reporter-output>
        </test-method> <!-- testHelloApi -->
      </class> <!-- com.infy.UserApiTest -->
    </test> <!-- Default test -->
  </suite> <!-- Default suite -->
</testng-results>
